# JRE version: OpenJDK Runtime Environment (8.0_202-b03) (build 1.8.0_202-release-1483-b03)
# Java VM: OpenJDK 64-Bit Server VM (25.202-b03 mixed mode windows-amd64 compressed oops)
Heap:
 PSYoungGen      total 168448K, used 96322K [0x00000000e0000000, 0x00000000ebf00000, 0x0000000100000000)
  eden space 147456K, 55% used [0x00000000e0000000,0x00000000e4fc19b8,0x00000000e9000000)
  from space 20992K, 69% used [0x00000000eaa80000,0x00000000eb8ceea8,0x00000000ebf00000)
  to   space 24064K, 0% used [0x00000000e9000000,0x00000000e9000000,0x00000000ea780000)
 ParOldGen       total 273920K, used 44626K [0x00000000a0000000, 0x00000000b0b80000, 0x00000000e0000000)
  object space 273920K, 16% used [0x00000000a0000000,0x00000000a2b94b20,0x00000000b0b80000)
 Metaspace       used 83502K, capacity 87420K, committed 87704K, reserved 1124352K
  class space    used 11087K, capacity 11823K, committed 11944K, reserved 1048576K
GC Heap History (10 events):
Event: 11.598 GC heap before
{Heap before GC invocations=13 (full 3):
 PSYoungGen      total 137728K, used 120320K [0x00000000e0000000, 0x00000000eb180000, 0x0000000100000000)
  eden space 120320K, 100% used [0x00000000e0000000,0x00000000e7580000,0x00000000e7580000)
  from space 17408K, 0% used [0x00000000e7580000,0x00000000e7580000,0x00000000e8680000)
  to   space 19456K, 0% used [0x00000000e9e80000,0x00000000e9e80000,0x00000000eb180000)
 ParOldGen       total 273920K, used 31997K [0x00000000a0000000, 0x00000000b0b80000, 0x00000000e0000000)
  object space 273920K, 11% used [0x00000000a0000000,0x00000000a1f3f610,0x00000000b0b80000)
 Metaspace       used 60041K, capacity 62200K, committed 62488K, reserved 1103872K
  class space    used 8175K, capacity 8651K, committed 8744K, reserved 1048576K
Event: 11.613 GC heap after
Heap after GC invocations=13 (full 3):
 PSYoungGen      total 150016K, used 9639K [0x00000000e0000000, 0x00000000eab00000, 0x0000000100000000)
  eden space 137216K, 0% used [0x00000000e0000000,0x00000000e0000000,0x00000000e8600000)
  from space 12800K, 75% used [0x00000000e9e80000,0x00000000ea7e9d78,0x00000000eab00000)
  to   space 18944K, 0% used [0x00000000e8600000,0x00000000e8600000,0x00000000e9880000)
 ParOldGen       total 273920K, used 32005K [0x00000000a0000000, 0x00000000b0b80000, 0x00000000e0000000)
  object space 273920K, 11% used [0x00000000a0000000,0x00000000a1f41610,0x00000000b0b80000)
 Metaspace       used 60041K, capacity 62200K, committed 62488K, reserved 1103872K
  class space    used 8175K, capacity 8651K, committed 8744K, reserved 1048576K
}
Event: 13.368 GC heap before
{Heap before GC invocations=14 (full 3):
 PSYoungGen      total 150016K, used 146855K [0x00000000e0000000, 0x00000000eab00000, 0x0000000100000000)
  eden space 137216K, 100% used [0x00000000e0000000,0x00000000e8600000,0x00000000e8600000)
  from space 12800K, 75% used [0x00000000e9e80000,0x00000000ea7e9d78,0x00000000eab00000)
  to   space 18944K, 0% used [0x00000000e8600000,0x00000000e8600000,0x00000000e9880000)
 ParOldGen       total 273920K, used 32005K [0x00000000a0000000, 0x00000000b0b80000, 0x00000000e0000000)
  object space 273920K, 11% used [0x00000000a0000000,0x00000000a1f41610,0x00000000b0b80000)
 Metaspace       used 71055K, capacity 74424K, committed 74648K, reserved 1114112K
  class space    used 9947K, capacity 10635K, committed 10664K, reserved 1048576K
Event: 13.385 GC heap after
Heap after GC invocations=14 (full 3):
 PSYoungGen      total 156160K, used 18926K [0x00000000e0000000, 0x00000000ec280000, 0x0000000100000000)
  eden space 137216K, 0% used [0x00000000e0000000,0x00000000e0000000,0x00000000e8600000)
  from space 18944K, 99% used [0x00000000e8600000,0x00000000e987bb98,0x00000000e9880000)
  to   space 21504K, 0% used [0x00000000ead80000,0x00000000ead80000,0x00000000ec280000)
 ParOldGen       total 273920K, used 32150K [0x00000000a0000000, 0x00000000b0b80000, 0x00000000e0000000)
  object space 273920K, 11% used [0x00000000a0000000,0x00000000a1f65b88,0x00000000b0b80000)
 Metaspace       used 71055K, capacity 74424K, committed 74648K, reserved 1114112K
  class space    used 9947K, capacity 10635K, committed 10664K, reserved 1048576K
}
Event: 172.376 GC heap before
{Heap before GC invocations=15 (full 3):
 PSYoungGen      total 156160K, used 156142K [0x00000000e0000000, 0x00000000ec280000, 0x0000000100000000)
  eden space 137216K, 100% used [0x00000000e0000000,0x00000000e8600000,0x00000000e8600000)
  from space 18944K, 99% used [0x00000000e8600000,0x00000000e987bb98,0x00000000e9880000)
  to   space 21504K, 0% used [0x00000000ead80000,0x00000000ead80000,0x00000000ec280000)
 ParOldGen       total 273920K, used 32150K [0x00000000a0000000, 0x00000000b0b80000, 0x00000000e0000000)
  object space 273920K, 11% used [0x00000000a0000000,0x00000000a1f65b88,0x00000000b0b80000)
 Metaspace       used 75936K, capacity 79566K, committed 79640K, reserved 1118208K
  class space    used 10355K, capacity 11044K, committed 11048K, reserved 1048576K
Event: 172.390 GC heap after
Heap after GC invocations=15 (full 3):
 PSYoungGen      total 170496K, used 15161K [0x00000000e0000000, 0x00000000ebf00000, 0x0000000100000000)
  eden space 152576K, 0% used [0x00000000e0000000,0x00000000e0000000,0x00000000e9500000)
  from space 17920K, 84% used [0x00000000ead80000,0x00000000ebc4e418,0x00000000ebf00000)
  to   space 21504K, 0% used [0x00000000e9500000,0x00000000e9500000,0x00000000eaa00000)
 ParOldGen       total 273920K, used 32158K [0x00000000a0000000, 0x00000000b0b80000, 0x00000000e0000000)
  object space 273920K, 11% used [0x00000000a0000000,0x00000000a1f67b88,0x00000000b0b80000)
 Metaspace       used 75936K, capacity 79566K, committed 79640K, reserved 1118208K
  class space    used 10355K, capacity 11044K, committed 11048K, reserved 1048576K
}
Event: 1268.096 GC heap before
{Heap before GC invocations=16 (full 3):
 PSYoungGen      total 170496K, used 167737K [0x00000000e0000000, 0x00000000ebf00000, 0x0000000100000000)
  eden space 152576K, 100% used [0x00000000e0000000,0x00000000e9500000,0x00000000e9500000)
  from space 17920K, 84% used [0x00000000ead80000,0x00000000ebc4e418,0x00000000ebf00000)
  to   space 21504K, 0% used [0x00000000e9500000,0x00000000e9500000,0x00000000eaa00000)
 ParOldGen       total 273920K, used 32158K [0x00000000a0000000, 0x00000000b0b80000, 0x00000000e0000000)
  object space 273920K, 11% used [0x00000000a0000000,0x00000000a1f67b88,0x00000000b0b80000)
 Metaspace       used 82152K, capacity 85864K, committed 86040K, reserved 1124352K
  class space    used 11053K, capacity 11775K, committed 11816K, reserved 1048576K
Event: 1268.130 GC heap after
Heap after GC invocations=16 (full 3):
 PSYoungGen      total 171520K, used 21501K [0x00000000e0000000, 0x00000000ec280000, 0x0000000100000000)
  eden space 150016K, 0% used [0x00000000e0000000,0x00000000e0000000,0x00000000e9280000)
  from space 21504K, 99% used [0x00000000e9500000,0x00000000ea9ff7f8,0x00000000eaa00000)
  to   space 24576K, 0% used [0x00000000eaa80000,0x00000000eaa80000,0x00000000ec280000)
 ParOldGen       total 273920K, used 34238K [0x00000000a0000000, 0x00000000b0b80000, 0x00000000e0000000)
  object space 273920K, 12% used [0x00000000a0000000,0x00000000a216f910,0x00000000b0b80000)
 Metaspace       used 82152K, capacity 85864K, committed 86040K, reserved 1124352K
  class space    used 11053K, capacity 11775K, committed 11816K, reserved 1048576K
}
Event: 1551.303 GC heap before
{Heap before GC invocations=17 (full 3):
 PSYoungGen      total 171520K, used 171517K [0x00000000e0000000, 0x00000000ec280000, 0x0000000100000000)
  eden space 150016K, 100% used [0x00000000e0000000,0x00000000e9280000,0x00000000e9280000)
  from space 21504K, 99% used [0x00000000e9500000,0x00000000ea9ff7f8,0x00000000eaa00000)
  to   space 24576K, 0% used [0x00000000eaa80000,0x00000000eaa80000,0x00000000ec280000)
 ParOldGen       total 273920K, used 34238K [0x00000000a0000000, 0x00000000b0b80000, 0x00000000e0000000)
  object space 273920K, 12% used [0x00000000a0000000,0x00000000a216f910,0x00000000b0b80000)
 Metaspace       used 83069K, capacity 86944K, committed 87192K, reserved 1124352K
  class space    used 11086K, capacity 11823K, committed 11944K, reserved 1048576K
Event: 1551.337 GC heap after
Heap after GC invocations=17 (full 3):
 PSYoungGen      total 168448K, used 14651K [0x00000000e0000000, 0x00000000ebf00000, 0x0000000100000000)
  eden space 147456K, 0% used [0x00000000e0000000,0x00000000e0000000,0x00000000e9000000)
  from space 20992K, 69% used [0x00000000eaa80000,0x00000000eb8ceea8,0x00000000ebf00000)
  to   space 24064K, 0% used [0x00000000e9000000,0x00000000e9000000,0x00000000ea780000)
 ParOldGen       total 273920K, used 44626K [0x00000000a0000000, 0x00000000b0b80000, 0x00000000e0000000)
  object space 273920K, 16% used [0x00000000a0000000,0x00000000a2b94b20,0x00000000b0b80000)
 Metaspace       used 83069K, capacity 86944K, committed 87192K, reserved 1124352K
  class space    used 11086K, capacity 11823K, committed 11944K, reserved 1048576K
}

