# JRE version: OpenJDK Runtime Environment (8.0_202-b03) (build 1.8.0_202-release-1483-b03)
# Java VM: OpenJDK 64-Bit Server VM (25.202-b03 mixed mode windows-amd64 compressed oops)
Heap:
 PSYoungGen      total 208384K, used 75200K [0x00000000e0000000, 0x00000000ef580000, 0x0000000100000000)
  eden space 173568K, 27% used [0x00000000e0000000,0x00000000e2f22590,0x00000000ea980000)
  from space 34816K, 77% used [0x00000000ed380000,0x00000000eedcdcc8,0x00000000ef580000)
  to   space 38912K, 0% used [0x00000000ea980000,0x00000000ea980000,0x00000000ecf80000)
 ParOldGen       total 273920K, used 62291K [0x00000000a0000000, 0x00000000b0b80000, 0x00000000e0000000)
  object space 273920K, 22% used [0x00000000a0000000,0x00000000a3cd4e28,0x00000000b0b80000)
 Metaspace       used 90452K, capacity 95500K, committed 95768K, reserved 1132544K
  class space    used 11578K, capacity 12499K, committed 12584K, reserved 1048576K
GC Heap History (10 events):
Event: 2354.344 GC heap before
{Heap before GC invocations=23 (full 3):
 PSYoungGen      total 218112K, used 217872K [0x00000000e0000000, 0x00000000f1000000, 0x0000000100000000)
  eden space 192512K, 100% used [0x00000000e0000000,0x00000000ebc00000,0x00000000ebc00000)
  from space 25600K, 99% used [0x00000000ec000000,0x00000000ed8c4168,0x00000000ed900000)
  to   space 43008K, 0% used [0x00000000ee600000,0x00000000ee600000,0x00000000f1000000)
 ParOldGen       total 273920K, used 62251K [0x00000000a0000000, 0x00000000b0b80000, 0x00000000e0000000)
  object space 273920K, 22% used [0x00000000a0000000,0x00000000a3ccae28,0x00000000b0b80000)
 Metaspace       used 89091K, capacity 93242K, committed 93464K, reserved 1130496K
  class space    used 11450K, capacity 12264K, committed 12328K, reserved 1048576K
Event: 2354.373 GC heap after
Heap after GC invocations=23 (full 3):
 PSYoungGen      total 229376K, used 29472K [0x00000000e0000000, 0x00000000f0e00000, 0x0000000100000000)
  eden space 188416K, 0% used [0x00000000e0000000,0x00000000e0000000,0x00000000eb800000)
  from space 40960K, 71% used [0x00000000ee600000,0x00000000f02c8130,0x00000000f0e00000)
  to   space 44032K, 0% used [0x00000000eb800000,0x00000000eb800000,0x00000000ee300000)
 ParOldGen       total 273920K, used 62259K [0x00000000a0000000, 0x00000000b0b80000, 0x00000000e0000000)
  object space 273920K, 22% used [0x00000000a0000000,0x00000000a3ccce28,0x00000000b0b80000)
 Metaspace       used 89091K, capacity 93242K, committed 93464K, reserved 1130496K
  class space    used 11450K, capacity 12264K, committed 12328K, reserved 1048576K
}
Event: 2426.598 GC heap before
{Heap before GC invocations=24 (full 3):
 PSYoungGen      total 229376K, used 217888K [0x00000000e0000000, 0x00000000f0e00000, 0x0000000100000000)
  eden space 188416K, 100% used [0x00000000e0000000,0x00000000eb800000,0x00000000eb800000)
  from space 40960K, 71% used [0x00000000ee600000,0x00000000f02c8130,0x00000000f0e00000)
  to   space 44032K, 0% used [0x00000000eb800000,0x00000000eb800000,0x00000000ee300000)
 ParOldGen       total 273920K, used 62259K [0x00000000a0000000, 0x00000000b0b80000, 0x00000000e0000000)
  object space 273920K, 22% used [0x00000000a0000000,0x00000000a3ccce28,0x00000000b0b80000)
 Metaspace       used 89311K, capacity 93506K, committed 93720K, reserved 1130496K
  class space    used 11456K, capacity 12276K, committed 12328K, reserved 1048576K
Event: 2426.629 GC heap after
Heap after GC invocations=24 (full 3):
 PSYoungGen      total 208384K, used 23973K [0x00000000e0000000, 0x00000000f0600000, 0x0000000100000000)
  eden space 184320K, 0% used [0x00000000e0000000,0x00000000e0000000,0x00000000eb400000)
  from space 24064K, 99% used [0x00000000eb800000,0x00000000ecf69450,0x00000000ecf80000)
  to   space 41984K, 0% used [0x00000000edd00000,0x00000000edd00000,0x00000000f0600000)
 ParOldGen       total 273920K, used 62267K [0x00000000a0000000, 0x00000000b0b80000, 0x00000000e0000000)
  object space 273920K, 22% used [0x00000000a0000000,0x00000000a3ccee28,0x00000000b0b80000)
 Metaspace       used 89311K, capacity 93506K, committed 93720K, reserved 1130496K
  class space    used 11456K, capacity 12276K, committed 12328K, reserved 1048576K
}
Event: 2451.526 GC heap before
{Heap before GC invocations=25 (full 3):
 PSYoungGen      total 208384K, used 207818K [0x00000000e0000000, 0x00000000f0600000, 0x0000000100000000)
  eden space 184320K, 99% used [0x00000000e0000000,0x00000000eb3896c8,0x00000000eb400000)
  from space 24064K, 99% used [0x00000000eb800000,0x00000000ecf69450,0x00000000ecf80000)
  to   space 41984K, 0% used [0x00000000edd00000,0x00000000edd00000,0x00000000f0600000)
 ParOldGen       total 273920K, used 62267K [0x00000000a0000000, 0x00000000b0b80000, 0x00000000e0000000)
  object space 273920K, 22% used [0x00000000a0000000,0x00000000a3ccee28,0x00000000b0b80000)
 Metaspace       used 89903K, capacity 94844K, committed 94872K, reserved 1132544K
  class space    used 11553K, capacity 12455K, committed 12456K, reserved 1048576K
Event: 2451.548 GC heap after
Heap after GC invocations=25 (full 3):
 PSYoungGen      total 217088K, used 24765K [0x00000000e0000000, 0x00000000f0080000, 0x0000000100000000)
  eden space 180736K, 0% used [0x00000000e0000000,0x00000000e0000000,0x00000000eb080000)
  from space 36352K, 68% used [0x00000000edd00000,0x00000000ef52f5c0,0x00000000f0080000)
  to   space 40960K, 0% used [0x00000000eb080000,0x00000000eb080000,0x00000000ed880000)
 ParOldGen       total 273920K, used 62275K [0x00000000a0000000, 0x00000000b0b80000, 0x00000000e0000000)
  object space 273920K, 22% used [0x00000000a0000000,0x00000000a3cd0e28,0x00000000b0b80000)
 Metaspace       used 89903K, capacity 94844K, committed 94872K, reserved 1132544K
  class space    used 11553K, capacity 12455K, committed 12456K, reserved 1048576K
}
Event: 2605.648 GC heap before
{Heap before GC invocations=26 (full 3):
 PSYoungGen      total 217088K, used 205501K [0x00000000e0000000, 0x00000000f0080000, 0x0000000100000000)
  eden space 180736K, 100% used [0x00000000e0000000,0x00000000eb080000,0x00000000eb080000)
  from space 36352K, 68% used [0x00000000edd00000,0x00000000ef52f5c0,0x00000000f0080000)
  to   space 40960K, 0% used [0x00000000eb080000,0x00000000eb080000,0x00000000ed880000)
 ParOldGen       total 273920K, used 62275K [0x00000000a0000000, 0x00000000b0b80000, 0x00000000e0000000)
  object space 273920K, 22% used [0x00000000a0000000,0x00000000a3cd0e28,0x00000000b0b80000)
 Metaspace       used 90233K, capacity 95212K, committed 95512K, reserved 1132544K
  class space    used 11575K, capacity 12495K, committed 12584K, reserved 1048576K
Event: 2605.673 GC heap after
Heap after GC invocations=26 (full 3):
 PSYoungGen      total 200192K, used 22821K [0x00000000e0000000, 0x00000000efa00000, 0x0000000100000000)
  eden space 177152K, 0% used [0x00000000e0000000,0x00000000e0000000,0x00000000ead00000)
  from space 23040K, 99% used [0x00000000eb080000,0x00000000ec6c9748,0x00000000ec700000)
  to   space 39424K, 0% used [0x00000000ed380000,0x00000000ed380000,0x00000000efa00000)
 ParOldGen       total 273920K, used 62283K [0x00000000a0000000, 0x00000000b0b80000, 0x00000000e0000000)
  object space 273920K, 22% used [0x00000000a0000000,0x00000000a3cd2e28,0x00000000b0b80000)
 Metaspace       used 90233K, capacity 95212K, committed 95512K, reserved 1132544K
  class space    used 11575K, capacity 12495K, committed 12584K, reserved 1048576K
}
Event: 2731.589 GC heap before
{Heap before GC invocations=27 (full 3):
 PSYoungGen      total 200192K, used 199973K [0x00000000e0000000, 0x00000000efa00000, 0x0000000100000000)
  eden space 177152K, 100% used [0x00000000e0000000,0x00000000ead00000,0x00000000ead00000)
  from space 23040K, 99% used [0x00000000eb080000,0x00000000ec6c9748,0x00000000ec700000)
  to   space 39424K, 0% used [0x00000000ed380000,0x00000000ed380000,0x00000000efa00000)
 ParOldGen       total 273920K, used 62283K [0x00000000a0000000, 0x00000000b0b80000, 0x00000000e0000000)
  object space 273920K, 22% used [0x00000000a0000000,0x00000000a3cd2e28,0x00000000b0b80000)
 Metaspace       used 90419K, capacity 95436K, committed 95768K, reserved 1132544K
  class space    used 11578K, capacity 12499K, committed 12584K, reserved 1048576K
Event: 2731.615 GC heap after
Heap after GC invocations=27 (full 3):
 PSYoungGen      total 208384K, used 26935K [0x00000000e0000000, 0x00000000ef580000, 0x0000000100000000)
  eden space 173568K, 0% used [0x00000000e0000000,0x00000000e0000000,0x00000000ea980000)
  from space 34816K, 77% used [0x00000000ed380000,0x00000000eedcdcc8,0x00000000ef580000)
  to   space 38912K, 0% used [0x00000000ea980000,0x00000000ea980000,0x00000000ecf80000)
 ParOldGen       total 273920K, used 62291K [0x00000000a0000000, 0x00000000b0b80000, 0x00000000e0000000)
  object space 273920K, 22% used [0x00000000a0000000,0x00000000a3cd4e28,0x00000000b0b80000)
 Metaspace       used 90419K, capacity 95436K, committed 95768K, reserved 1132544K
  class space    used 11578K, capacity 12499K, committed 12584K, reserved 1048576K
}

